SF:lib/core/services/storage/hive_storage_service.dart
DA:7,1
DA:8,4
DA:12,1
DA:13,2
DA:17,1
DA:18,2
DA:21,1
DA:23,2
DA:26,1
DA:28,3
DA:31,5
DA:33,6
DA:37,1
DA:38,2
DA:42,1
DA:43,3
DA:47,1
DA:48,3
LF:18
LH:18
end_of_record
SF:lib/core/services/storage/storage_service_provider.dart
DA:5,24
DA:6,16
LF:2
LH:2
end_of_record
SF:lib/core/services/http/dio_http_service.dart
DA:13,9
DA:18,23
DA:20,35
DA:30,7
DA:39,14
DA:40,7
DA:41,7
DA:45,6
DA:51,24
DA:53,18
DA:57,6
DA:58,1
DA:60,1
DA:61,1
DA:65,2
DA:69,1
DA:73,3
DA:78,3
DA:79,1
DA:81,1
DA:82,1
DA:86,1
DA:89,1
DA:92,1
DA:95,1
DA:98,1
LF:26
LH:26
end_of_record
SF:lib/core/services/http/http_service_provider.dart
DA:7,28
DA:8,14
DA:10,7
LF:3
LH:3
end_of_record
SF:lib/core/exceptions/http_exception.dart
DA:4,1
LF:1
LH:1
end_of_record
SF:lib/core/models/cache_response.dart
DA:10,1
DA:18,1
DA:19,1
DA:20,1
DA:21,2
DA:22,1
DA:23,1
DA:24,1
DA:25,3
DA:26,1
DA:27,3
DA:54,6
DA:57,1
DA:58,1
DA:59,1
DA:60,2
DA:61,1
DA:62,2
DA:67,1
DA:68,1
DA:69,1
DA:70,1
DA:71,2
DA:72,1
LF:24
LH:24
end_of_record
SF:lib/core/models/paginated_response.dart
DA:4,3
DA:12,1
DA:16,1
DA:17,1
DA:19,1
DA:20,1
LF:6
LH:6
end_of_record
SF:lib/core/services/http/dio-interceptors/cache_interceptor.dart
DA:14,8
DA:24,5
DA:31,15
DA:32,5
DA:33,5
DA:34,10
DA:35,10
DA:42,5
DA:44,5
DA:45,20
DA:46,15
DA:47,16
DA:48,5
DA:49,10
DA:50,10
DA:51,10
DA:52,10
DA:54,10
DA:55,1
DA:57,1
DA:58,2
DA:59,1
DA:60,1
DA:62,2
DA:63,5
DA:65,4
DA:66,1
DA:67,1
DA:70,1
DA:74,5
DA:76,15
DA:77,1
DA:78,1
DA:80,5
DA:81,5
DA:82,5
DA:83,5
DA:84,5
DA:86,10
DA:87,1
DA:89,1
DA:90,1
DA:91,1
DA:93,8
DA:94,4
DA:95,1
DA:96,1
DA:99,1
DA:103,1
DA:105,1
DA:106,2
DA:107,2
DA:108,2
DA:109,2
DA:112,1
DA:113,2
DA:114,2
DA:115,1
DA:116,1
DA:118,8
DA:119,4
DA:120,1
DA:122,1
DA:123,1
DA:124,3
DA:125,2
DA:126,1
DA:128,3
DA:130,1
DA:133,1
DA:134,2
DA:136,1
DA:137,2
DA:139,1
DA:142,1
DA:143,2
DA:147,1
DA:148,2
LF:78
LH:78
end_of_record
SF:lib/core/services/media/media_service.dart
DA:7,6
DA:8,2
LF:2
LH:2
end_of_record
SF:lib/features/media/enums/media_type.dart
DA:1,33
LF:1
LH:1
end_of_record
SF:lib/features/media/models/media.dart
DA:17,5
DA:37,5
DA:40,10
DA:42,1
DA:47,5
DA:48,10
DA:50,10
DA:52,3
DA:55,5
DA:56,5
DA:57,5
DA:58,5
DA:59,5
DA:60,15
DA:63,5
DA:64,5
DA:65,5
DA:66,5
DA:68,5
DA:69,5
DA:70,10
DA:71,5
DA:100,1
DA:101,1
DA:102,1
DA:103,1
DA:104,1
DA:105,1
DA:106,2
DA:107,1
DA:108,1
DA:109,1
DA:110,1
DA:111,1
DA:113,3
DA:114,1
DA:115,1
DA:116,1
DA:117,1
DA:122,10
DA:125,10
DA:132,5
DA:133,5
DA:134,5
DA:135,5
DA:136,5
DA:137,5
DA:138,5
DA:139,5
DA:140,5
DA:141,5
DA:142,5
DA:143,5
DA:145,15
DA:146,5
DA:148,15
DA:149,5
DA:150,5
DA:151,5
DA:152,5
DA:153,5
DA:157,2
DA:158,2
DA:159,2
DA:160,2
DA:161,2
DA:162,2
DA:163,2
DA:164,2
DA:165,2
DA:166,2
DA:167,2
DA:168,2
DA:169,2
DA:170,2
DA:171,2
DA:172,2
LF:77
LH:77
end_of_record
SF:lib/features/people/models/person.dart
DA:28,10
DA:47,20
DA:48,20
DA:50,10
DA:55,24
DA:57,14
DA:59,3
DA:65,12
DA:67,2
DA:69,3
DA:71,10
DA:72,10
DA:73,10
DA:75,20
DA:76,10
DA:77,10
DA:78,6
DA:79,5
DA:80,10
DA:81,8
DA:84,10
DA:85,10
DA:86,20
DA:87,10
DA:88,10
DA:91,10
DA:92,10
DA:93,10
DA:97,1
DA:98,1
DA:99,1
DA:100,2
DA:101,1
DA:102,1
DA:103,2
DA:105,1
DA:106,1
DA:107,1
DA:108,1
DA:109,1
DA:111,4
DA:112,1
DA:114,3
DA:115,1
DA:116,1
DA:117,1
DA:124,10
DA:125,10
DA:126,10
DA:127,10
DA:128,10
DA:130,38
DA:131,10
DA:132,10
DA:133,10
DA:134,10
DA:135,10
DA:137,30
DA:138,10
DA:140,30
DA:141,10
DA:142,10
DA:143,10
DA:144,10
DA:145,10
DA:146,10
DA:150,2
DA:151,2
DA:152,2
DA:153,2
DA:154,2
DA:155,2
DA:156,2
DA:157,2
DA:158,2
DA:159,2
DA:160,2
DA:161,2
DA:162,2
DA:163,2
DA:164,2
DA:165,2
DA:166,2
DA:167,2
LF:84
LH:84
end_of_record
SF:lib/features/tmdb-configs/enums/image_size.dart
DA:1,33
LF:1
LH:1
end_of_record
SF:lib/features/tmdb-configs/models/tmdb_image_configs.dart
DA:10,22
DA:21,2
DA:22,2
DA:23,2
DA:24,2
DA:25,2
DA:26,1
DA:27,2
DA:28,4
DA:29,2
DA:31,8
DA:35,2
DA:36,1
DA:37,2
DA:38,4
DA:39,2
DA:41,8
DA:45,2
DA:46,1
DA:47,2
DA:48,4
DA:49,2
DA:51,8
DA:55,2
DA:56,1
DA:57,2
DA:58,4
DA:59,2
DA:61,8
DA:65,2
DA:66,1
DA:67,2
DA:68,4
DA:69,2
DA:71,8
DA:107,14
DA:109,42
DA:111,28
DA:118,1
DA:120,4
DA:122,2
DA:129,6
DA:131,18
DA:133,12
DA:140,1
DA:142,3
DA:144,2
DA:151,1
DA:153,3
DA:155,2
DA:158,2
DA:159,2
DA:160,2
DA:161,2
DA:162,2
DA:163,2
DA:164,2
DA:165,2
DA:166,2
LF:59
LH:59
end_of_record
SF:lib/features/people/enums/gender.dart
DA:1,33
DA:6,2
DA:8,2
DA:10,2
DA:12,1
DA:17,11
DA:19,11
DA:21,5
LF:8
LH:8
end_of_record
SF:lib/features/people/models/person_image.dart
DA:16,8
DA:28,7
DA:29,7
DA:30,14
DA:31,14
DA:32,7
DA:33,7
DA:34,14
DA:35,7
DA:36,14
DA:40,10
DA:41,10
DA:43,5
DA:44,5
DA:45,5
DA:46,5
DA:47,5
DA:48,5
DA:49,5
DA:50,5
DA:51,5
DA:52,5
DA:54,15
DA:55,5
DA:57,15
DA:60,2
DA:61,2
DA:62,2
DA:63,2
DA:64,2
DA:65,2
DA:66,2
DA:67,2
DA:68,2
DA:69,2
DA:70,2
LF:36
LH:36
end_of_record
SF:lib/features/people/repositories/http_people_repository.dart
DA:12,6
DA:17,2
DA:20,2
DA:24,2
DA:29,6
DA:30,4
DA:32,2
DA:34,2
DA:38,1
DA:40,1
DA:41,2
DA:42,2
DA:43,1
DA:50,1
DA:55,3
DA:56,2
DA:58,1
DA:59,1
DA:63,2
DA:67,1
DA:72,3
DA:73,2
DA:74,1
DA:75,1
DA:79,1
DA:80,2
DA:81,2
DA:82,1
LF:28
LH:28
end_of_record
SF:lib/features/people/repositories/people_repository.dart
DA:9,24
DA:10,5
DA:11,10
DA:13,5
LF:4
LH:4
end_of_record
SF:lib/features/tmdb-configs/models/tmdb_configs.dart
DA:10,21
DA:15,1
DA:16,1
DA:17,2
DA:24,1
DA:25,2
LF:6
LH:6
end_of_record
SF:lib/features/tmdb-configs/repositories/http_tmdb_configs_repository.dart
DA:9,5
DA:11,4
DA:14,4
DA:18,4
DA:19,12
DA:20,4
DA:21,4
DA:22,4
DA:27,1
LF:9
LH:9
end_of_record
SF:lib/features/tmdb-configs/repositories/tmdb_configs_repository.dart
DA:6,22
DA:7,8
DA:9,4
LF:3
LH:3
end_of_record
SF:lib/features/people/providers/paginated_popular_people_provider.dart
DA:7,8
DA:8,4
DA:9,3
DA:10,6
DA:11,12
DA:13,4
DA:14,2
DA:15,2
LF:8
LH:8
end_of_record
SF:lib/features/tmdb-configs/providers/tmdb_configs_provider.dart
DA:9,29
DA:10,10
DA:12,5
LF:3
LH:3
end_of_record
SF:lib/core/widgets/app_cached_network_image.dart
DA:10,6
DA:24,5
DA:39,6
DA:41,9
DA:42,6
DA:43,6
DA:44,6
DA:45,6
DA:47,12
DA:48,6
DA:49,6
DA:50,5
DA:51,5
DA:52,5
DA:58,6
DA:59,6
DA:60,6
DA:61,6
DA:62,6
DA:63,6
DA:64,6
DA:65,6
LF:22
LH:22
end_of_record
SF:lib/core/widgets/app_loader.dart
DA:4,41
DA:6,4
DA:8,4
DA:9,4
DA:11,12
DA:12,12
LF:6
LH:6
end_of_record
SF:lib/core/widgets/shimmer.dart
DA:5,21
DA:11,8
DA:18,8
DA:19,8
DA:25,8
DA:27,16
DA:30,16
DA:31,16
DA:33,16
DA:34,8
DA:37,8
DA:39,16
DA:40,8
DA:43,8
DA:45,8
DA:46,8
DA:47,8
DA:48,16
DA:49,16
DA:50,8
DA:52,8
LF:21
LH:21
end_of_record
SF:lib/core/configs/styles/app_themes.dart
DA:8,8
DA:9,8
DA:12,8
DA:20,8
DA:21,8
DA:31,1
DA:32,1
DA:34,1
DA:35,1
DA:36,1
DA:52,1
DA:66,8
DA:67,8
DA:68,8
DA:69,8
DA:70,8
DA:71,8
DA:72,8
DA:73,8
DA:74,8
DA:75,8
DA:81,8
DA:82,8
DA:83,8
DA:84,8
DA:85,8
DA:86,8
DA:87,8
DA:88,8
DA:89,8
DA:90,8
LF:31
LH:31
end_of_record
SF:lib/core/widgets/error_view.dart
DA:4,67
DA:6,6
LF:2
LH:2
end_of_record
SF:lib/core/configs/styles/app_colors.dart
DA:24,8
DA:25,24
DA:27,8
DA:28,8
DA:29,32
DA:30,8
DA:33,8
DA:37,8
DA:38,8
DA:39,8
DA:40,8
DA:41,8
DA:42,8
DA:43,8
DA:45,8
DA:46,8
DA:47,8
DA:48,8
DA:50,16
LF:19
LH:19
end_of_record
SF:lib/core/widgets/app_bar_leading.dart
DA:5,14
DA:7,3
DA:8,3
DA:15,3
DA:17,6
DA:21,9
DA:22,6
DA:24,3
DA:27,3
DA:29,6
DA:30,3
DA:33,3
DA:35,3
DA:36,3
DA:37,3
DA:38,3
DA:39,3
DA:41,3
DA:42,3
LF:19
LH:19
end_of_record
SF:lib/features/people/providers/person_details_provider.dart
DA:6,9
DA:7,2
DA:8,4
DA:9,8
DA:11,2
DA:13,1
LF:6
LH:6
end_of_record
SF:lib/features/people/providers/popular_people_count_provider.dart
DA:6,14
DA:7,8
DA:8,2
LF:3
LH:3
end_of_record
SF:lib/features/people/providers/person_images_provider.dart
DA:10,6
DA:11,5
DA:12,4
DA:13,8
DA:15,1
DA:17,1
LF:6
LH:6
end_of_record
SF:lib/features/people/providers/current_popular_person_provider.dart
DA:4,10
DA:5,1
LF:2
LH:2
end_of_record
SF:lib/features/people/providers/popular_people_list_scroll_controller_provider.dart
DA:4,12
DA:5,3
DA:6,6
LF:3
LH:3
end_of_record
SF:lib/features/people/views/pages/popular_people_page.dart
DA:6,2
DA:7,2
DA:9,2
DA:10,2
LF:4
LH:4
end_of_record
SF:lib/features/people/views/widgets/popular_people_app_bar.dart
DA:6,13
DA:8,2
DA:10,4
DA:12,2
DA:14,2
DA:15,2
LF:6
LH:6
end_of_record
SF:lib/core/widgets/grid_shimmer.dart
DA:5,1
DA:9,1
DA:14,1
DA:17,8
DA:19,1
DA:20,3
DA:21,1
DA:27,1
DA:29,2
DA:31,1
DA:32,1
LF:11
LH:11
end_of_record
SF:lib/core/widgets/list_item_shimmer.dart
DA:5,26
DA:7,2
DA:9,2
DA:11,2
DA:12,2
DA:18,2
DA:20,2
DA:22,2
DA:25,2
DA:27,8
LF:10
LH:10
end_of_record
SF:lib/features/people/views/pages/person_details_page.dart
DA:19,2
DA:26,2
DA:34,2
DA:37,8
DA:39,2
DA:40,2
DA:41,2
DA:42,2
DA:43,2
DA:44,2
DA:45,2
DA:47,2
DA:48,4
DA:49,4
DA:50,2
DA:51,1
DA:52,1
DA:53,1
DA:54,1
DA:55,2
DA:56,2
DA:57,2
DA:58,1
DA:59,4
DA:64,2
DA:65,2
DA:66,4
DA:69,1
LF:28
LH:28
end_of_record
SF:lib/features/people/views/widgets/person_bio.dart
DA:5,1
DA:8,1
DA:12,1
DA:14,1
DA:16,1
DA:20,1
DA:22,2
DA:29,1
DA:31,1
DA:32,1
DA:34,3
DA:37,1
DA:38,1
DA:39,1
DA:40,1
DA:41,1
DA:42,1
LF:17
LH:17
end_of_record
SF:lib/features/people/views/widgets/person_details_sliver_app_bar.dart
DA:7,2
DA:12,2
DA:18,2
DA:20,2
DA:21,8
DA:27,2
DA:29,2
DA:30,4
DA:31,2
DA:35,2
DA:36,2
DA:37,2
LF:12
LH:12
end_of_record
SF:lib/features/people/views/widgets/person_images.dart
DA:15,2
DA:18,2
DA:23,2
DA:25,2
DA:26,2
DA:27,2
DA:32,6
DA:34,2
DA:39,2
DA:41,2
DA:46,2
DA:53,10
DA:54,1
DA:55,1
DA:57,1
DA:58,1
DA:61,1
DA:63,3
DA:67,1
DA:71,2
DA:72,2
DA:73,4
DA:74,4
DA:77,1
DA:78,1
DA:81,1
DA:82,3
LF:27
LH:27
end_of_record
SF:lib/features/people/views/widgets/person_info.dart
DA:7,1
DA:10,1
DA:14,1
DA:16,1
DA:18,1
DA:22,1
DA:28,2
DA:29,1
DA:30,1
DA:31,2
DA:32,1
DA:33,1
DA:35,1
DA:36,1
DA:38,4
DA:40,1
DA:44,1
DA:45,2
DA:46,3
DA:51,2
DA:52,1
DA:53,1
DA:55,1
DA:56,1
DA:58,4
DA:60,1
DA:64,1
DA:65,4
DA:66,3
LF:29
LH:29
end_of_record
SF:lib/features/people/views/widgets/person_media.dart
DA:7,2
DA:10,2
DA:14,2
DA:16,2
DA:17,2
DA:18,2
DA:23,2
DA:25,2
DA:30,2
DA:33,2
DA:36,2
DA:37,2
DA:39,2
DA:41,6
DA:45,2
DA:47,2
DA:52,4
DA:53,1
DA:54,1
DA:56,1
DA:57,4
DA:58,1
DA:59,1
DA:60,3
DA:61,1
DA:62,1
DA:63,3
LF:27
LH:27
end_of_record
SF:lib/features/people/views/widgets/person_name.dart
DA:5,2
DA:8,2
DA:12,2
DA:14,2
DA:21,2
DA:22,2
DA:23,8
DA:24,6
LF:8
LH:8
end_of_record
SF:lib/features/people/views/pages/person_images_slider_page.dart
DA:8,2
DA:12,2
DA:17,2
DA:18,2
DA:26,2
DA:28,8
DA:29,2
DA:32,2
DA:34,2
DA:35,2
DA:36,2
DA:37,2
DA:38,2
DA:39,2
DA:40,2
DA:41,6
DA:42,2
DA:43,2
DA:44,2
DA:45,2
DA:46,2
DA:47,6
DA:48,8
DA:49,1
DA:50,1
DA:51,1
DA:52,1
DA:53,4
DA:60,8
DA:61,1
DA:64,1
DA:65,4
DA:72,2
DA:75,2
DA:78,1
DA:79,2
DA:86,2
DA:89,2
DA:92,1
DA:93,2
LF:40
LH:40
end_of_record
SF:lib/features/people/views/widgets/save_image_slider_action.dart
DA:8,8
DA:11,2
DA:14,1
DA:18,2
DA:20,4
DA:25,2
DA:28,4
DA:30,1
DA:31,4
DA:33,2
DA:34,2
DA:35,2
DA:36,2
DA:42,4
LF:14
LH:14
end_of_record
SF:lib/features/people/views/widgets/slider_action.dart
DA:5,3
DA:10,3
DA:16,3
DA:18,3
DA:19,3
DA:20,3
DA:21,3
DA:22,3
DA:23,3
DA:24,3
DA:26,3
LF:11
LH:11
end_of_record
SF:lib/features/people/views/widgets/popular_people_list.dart
DA:17,14
DA:19,3
DA:21,6
DA:22,6
DA:24,3
DA:25,1
DA:26,1
DA:27,1
DA:31,1
DA:33,4
DA:34,1
DA:36,1
DA:37,1
DA:38,1
DA:39,1
DA:46,2
DA:47,2
DA:48,4
DA:49,4
LF:19
LH:19
end_of_record
SF:lib/features/people/views/widgets/person_avatar.dart
DA:6,2
DA:10,1
DA:15,2
DA:17,2
DA:18,2
DA:19,2
DA:20,2
DA:21,6
DA:25,1
DA:26,1
LF:10
LH:10
end_of_record
SF:lib/features/people/views/widgets/person_cover.dart
DA:7,3
DA:12,2
DA:18,3
DA:20,3
DA:21,3
DA:22,3
DA:23,3
DA:24,9
DA:27,1
DA:28,1
LF:10
LH:10
end_of_record
SF:lib/features/people/views/widgets/person_images_grid.dart
DA:7,2
DA:10,2
DA:14,2
DA:16,2
DA:17,10
DA:18,12
DA:19,2
DA:21,4
DA:28,4
DA:29,2
DA:30,2
DA:31,4
DA:32,1
DA:33,2
DA:34,1
DA:35,2
DA:36,1
LF:17
LH:17
end_of_record
SF:lib/features/people/views/widgets/person_images_grid_item.dart
DA:6,3
DA:10,3
DA:15,3
DA:17,3
DA:18,3
DA:19,6
DA:20,3
DA:21,1
DA:22,2
LF:9
LH:9
end_of_record
SF:lib/features/people/views/widgets/popular_person_list_item.dart
DA:13,14
DA:15,2
DA:18,4
DA:20,2
DA:21,2
DA:22,1
DA:23,1
DA:24,1
DA:26,1
DA:27,2
DA:28,1
DA:29,2
DA:30,1
DA:31,1
DA:32,1
DA:33,1
DA:34,1
DA:39,1
DA:44,1
DA:45,1
DA:47,1
DA:48,1
DA:49,2
DA:50,1
DA:51,1
DA:52,1
DA:57,1
DA:59,1
DA:60,1
DA:61,3
DA:69,2
DA:70,2
DA:71,4
DA:72,2
DA:73,3
DA:77,1
LF:36
LH:36
end_of_record
SF:lib/movies_app.dart
DA:15,1
DA:17,1
DA:19,2
DA:21,1
DA:25,1
DA:26,1
DA:27,1
DA:28,1
DA:31,1
DA:32,1
DA:33,2
DA:34,2
DA:37,1
LF:13
LH:13
end_of_record
