SF:lib/core/services/storage/hive_storage_service.dart
DA:7,1
DA:8,4
DA:12,1
DA:13,2
DA:17,1
DA:18,2
DA:21,1
DA:23,2
DA:26,1
DA:28,3
DA:31,5
DA:33,6
DA:37,1
DA:38,2
DA:42,1
DA:43,3
DA:47,1
DA:48,3
LF:18
LH:18
end_of_record
SF:lib/core/services/storage/storage_service_provider.dart
DA:5,24
DA:6,16
LF:2
LH:2
end_of_record
SF:lib/core/services/http/dio_http_service.dart
DA:13,9
DA:18,23
DA:20,35
DA:24,7
DA:33,14
DA:34,7
DA:35,7
DA:39,6
DA:45,24
DA:47,18
DA:51,6
DA:52,1
DA:54,1
DA:55,1
DA:59,2
DA:63,1
DA:67,3
DA:72,3
DA:73,1
DA:75,1
DA:76,1
DA:80,1
DA:83,1
DA:86,1
DA:89,1
DA:92,1
LF:26
LH:26
end_of_record
SF:lib/core/services/http/http_service_provider.dart
DA:6,28
DA:7,14
DA:9,7
LF:3
LH:3
end_of_record
SF:lib/core/exceptions/http_exception.dart
DA:6,1
LF:1
LH:1
end_of_record
SF:lib/core/models/cache_response.dart
DA:13,1
DA:20,6
DA:22,1
DA:23,1
DA:24,1
DA:25,2
DA:26,1
DA:27,2
DA:28,3
DA:29,1
DA:30,3
DA:35,1
DA:36,1
DA:37,1
DA:38,2
DA:39,1
DA:40,2
DA:44,1
DA:45,1
DA:46,1
DA:47,1
DA:48,2
DA:49,1
LF:23
LH:23
end_of_record
SF:lib/core/models/paginated_response.dart
DA:7,3
DA:14,1
DA:18,1
DA:19,1
DA:21,1
DA:22,1
LF:6
LH:6
end_of_record
SF:lib/core/services/http/dio-interceptors/cache_interceptor.dart
DA:15,8
DA:17,5
DA:24,15
DA:25,5
DA:26,5
DA:27,10
DA:28,10
DA:34,5
DA:36,5
DA:37,20
DA:38,15
DA:39,16
DA:40,5
DA:41,10
DA:42,10
DA:43,10
DA:44,10
DA:46,10
DA:47,1
DA:49,1
DA:51,2
DA:52,1
DA:53,8
DA:54,4
DA:55,1
DA:56,1
DA:59,1
DA:62,5
DA:64,15
DA:65,1
DA:66,1
DA:68,5
DA:69,5
DA:70,5
DA:71,5
DA:72,5
DA:74,10
DA:75,1
DA:77,1
DA:78,1
DA:79,1
DA:80,8
DA:81,4
DA:82,1
DA:83,1
DA:86,1
DA:89,1
DA:91,1
DA:92,2
DA:93,2
DA:94,2
DA:95,2
DA:98,1
DA:99,2
DA:100,2
DA:101,1
DA:102,1
DA:103,8
DA:104,4
DA:105,1
DA:107,1
DA:108,1
DA:109,3
DA:110,2
DA:111,1
DA:113,3
DA:115,1
DA:118,1
DA:119,2
DA:121,1
DA:122,2
DA:124,1
DA:127,1
DA:128,2
DA:132,1
DA:133,2
LF:76
LH:76
end_of_record
SF:lib/features/media/enums/media_type.dart
DA:1,32
LF:1
LH:1
end_of_record
SF:lib/features/media/models/media.dart
DA:27,5
DA:46,5
DA:49,10
DA:51,1
DA:56,15
DA:58,10
DA:60,3
DA:63,5
DA:64,5
DA:65,5
DA:66,5
DA:67,20
DA:69,5
DA:70,5
DA:71,5
DA:72,5
DA:74,5
DA:75,5
DA:76,10
DA:77,5
DA:81,1
DA:82,1
DA:83,1
DA:84,1
DA:85,1
DA:86,4
DA:87,2
DA:88,1
DA:89,1
DA:90,1
DA:91,1
DA:92,1
DA:94,3
DA:95,1
DA:96,1
DA:97,1
DA:98,1
DA:102,10
DA:104,10
DA:109,5
DA:110,5
DA:111,5
DA:112,5
DA:113,5
DA:114,5
DA:115,5
DA:116,5
DA:117,5
DA:118,5
DA:119,5
DA:120,5
DA:122,15
DA:123,5
DA:125,15
DA:126,5
DA:127,5
DA:128,5
DA:129,5
DA:130,5
DA:134,2
DA:135,2
DA:136,2
DA:137,2
DA:138,2
DA:139,2
DA:140,2
DA:141,2
DA:142,2
DA:143,2
DA:144,2
DA:145,2
DA:146,2
DA:147,2
DA:148,2
DA:149,2
LF:75
LH:75
end_of_record
SF:lib/features/tmdb-configs/enums/image_size.dart
DA:1,32
LF:1
LH:1
end_of_record
SF:lib/features/tmdb-configs/models/tmdb_image_configs.dart
DA:14,22
DA:24,2
DA:25,2
DA:26,2
DA:27,2
DA:28,2
DA:29,1
DA:30,2
DA:31,6
DA:33,8
DA:36,2
DA:37,1
DA:38,2
DA:39,6
DA:41,8
DA:44,2
DA:45,1
DA:46,2
DA:47,6
DA:49,8
DA:52,2
DA:53,1
DA:54,2
DA:55,6
DA:57,8
DA:60,2
DA:61,1
DA:62,2
DA:63,6
DA:65,8
DA:71,14
DA:73,42
DA:75,28
DA:78,1
DA:80,4
DA:82,2
DA:85,6
DA:87,18
DA:89,12
DA:92,1
DA:94,3
DA:96,2
DA:99,1
DA:101,3
DA:103,2
DA:106,2
DA:107,2
DA:108,2
DA:109,2
DA:110,2
DA:111,2
DA:112,2
DA:113,2
DA:114,2
LF:54
LH:54
end_of_record
SF:lib/features/people/enums/gender.dart
DA:1,32
DA:6,2
DA:8,2
DA:10,2
DA:12,1
DA:17,11
DA:19,11
DA:21,5
LF:8
LH:8
end_of_record
SF:lib/features/people/models/person.dart
DA:28,10
DA:47,20
DA:48,20
DA:50,10
DA:54,24
DA:56,14
DA:58,3
DA:63,12
DA:65,2
DA:67,3
DA:69,10
DA:70,10
DA:71,10
DA:73,20
DA:74,10
DA:75,10
DA:76,6
DA:77,23
DA:78,10
DA:79,10
DA:80,20
DA:81,10
DA:82,10
DA:85,10
DA:86,10
DA:87,10
DA:91,1
DA:92,1
DA:93,1
DA:94,2
DA:95,1
DA:96,3
DA:97,1
DA:98,1
DA:99,1
DA:100,1
DA:101,1
DA:103,4
DA:104,1
DA:106,3
DA:107,1
DA:108,1
DA:109,1
DA:116,10
DA:117,10
DA:118,10
DA:119,10
DA:120,10
DA:122,38
DA:123,10
DA:124,10
DA:125,10
DA:126,10
DA:127,10
DA:129,30
DA:130,10
DA:132,30
DA:133,10
DA:134,10
DA:135,10
DA:136,10
DA:137,10
DA:138,10
DA:142,2
DA:143,2
DA:144,2
DA:145,2
DA:146,2
DA:147,2
DA:148,2
DA:149,2
DA:150,2
DA:151,2
DA:152,2
DA:153,2
DA:154,2
DA:155,2
DA:156,2
DA:157,2
DA:158,2
DA:159,2
LF:81
LH:81
end_of_record
SF:lib/features/people/models/person_image.dart
DA:16,8
DA:28,7
DA:29,7
DA:30,14
DA:31,14
DA:32,7
DA:33,7
DA:34,14
DA:35,7
DA:36,14
DA:40,10
DA:41,10
DA:43,5
DA:44,5
DA:45,5
DA:46,5
DA:47,5
DA:48,5
DA:49,5
DA:50,5
DA:51,5
DA:52,5
DA:54,15
DA:55,5
DA:57,15
DA:60,2
DA:61,2
DA:62,2
DA:63,2
DA:64,2
DA:65,2
DA:66,2
DA:67,2
DA:68,2
DA:69,2
DA:70,2
LF:36
LH:36
end_of_record
SF:lib/features/people/repositories/http_people_repository.dart
DA:12,6
DA:14,2
DA:17,2
DA:21,2
DA:26,6
DA:27,4
DA:29,2
DA:31,2
DA:35,1
DA:37,1
DA:38,2
DA:39,3
DA:46,1
DA:51,3
DA:52,2
DA:54,1
DA:55,1
DA:59,2
DA:63,1
DA:69,6
DA:70,1
DA:73,1
DA:74,2
DA:75,3
LF:24
LH:24
end_of_record
SF:lib/features/people/repositories/people_repository.dart
DA:9,24
DA:10,5
DA:11,10
DA:13,5
LF:4
LH:4
end_of_record
SF:lib/features/tmdb-configs/models/tmdb_configs.dart
DA:7,21
DA:11,1
DA:12,1
DA:13,2
DA:17,1
DA:18,2
LF:6
LH:6
end_of_record
SF:lib/features/tmdb-configs/repositories/http_tmdb_configs_repository.dart
DA:9,5
DA:11,4
DA:14,4
DA:18,4
DA:19,12
DA:20,4
DA:21,4
DA:22,4
DA:27,1
LF:9
LH:9
end_of_record
SF:lib/features/tmdb-configs/repositories/tmdb_configs_repository.dart
DA:6,22
DA:7,8
DA:9,4
LF:3
LH:3
end_of_record
SF:lib/features/people/providers/paginated_popular_people_provider.dart
DA:7,8
DA:8,4
DA:9,3
DA:10,6
DA:11,12
DA:13,4
DA:14,2
DA:15,2
LF:8
LH:8
end_of_record
SF:lib/features/tmdb-configs/providers/tmdb_configs_provider.dart
DA:5,29
DA:6,10
DA:8,10
LF:3
LH:3
end_of_record
SF:lib/features/people/providers/person_details_provider.dart
DA:6,9
DA:7,2
DA:8,4
DA:9,8
DA:11,2
DA:13,1
LF:6
LH:6
end_of_record
SF:lib/features/people/providers/popular_people_count_provider.dart
DA:6,14
DA:7,8
DA:8,2
LF:3
LH:3
end_of_record
SF:lib/core/widgets/app_bar_leading.dart
DA:5,12
DA:7,3
DA:8,3
DA:15,3
DA:17,6
DA:21,9
DA:22,6
DA:24,3
DA:27,3
DA:29,6
DA:30,3
DA:33,3
DA:35,3
DA:36,3
DA:37,3
DA:38,3
DA:39,3
DA:41,3
DA:42,3
LF:19
LH:19
end_of_record
SF:lib/core/configs/styles/app_themes.dart
DA:6,6
DA:7,6
DA:10,6
DA:18,6
DA:19,6
DA:28,1
DA:29,1
DA:31,1
DA:32,1
DA:33,1
DA:48,1
DA:60,6
DA:61,6
DA:62,6
DA:63,6
DA:64,6
DA:65,6
DA:66,6
DA:67,6
DA:68,6
DA:69,6
DA:73,6
DA:74,6
DA:75,6
DA:76,6
DA:77,6
DA:78,6
DA:79,6
DA:80,6
DA:81,6
DA:82,6
LF:31
LH:31
end_of_record
SF:lib/core/configs/styles/app_colors.dart
DA:9,6
DA:10,18
DA:12,6
DA:13,6
DA:14,24
DA:15,6
DA:17,6
DA:20,6
DA:21,6
DA:22,6
DA:23,6
DA:24,6
DA:25,6
DA:26,6
DA:28,6
DA:29,6
DA:30,6
DA:31,6
DA:33,12
LF:19
LH:19
end_of_record
SF:lib/features/people/providers/person_images_provider.dart
DA:6,6
DA:7,5
DA:8,4
DA:9,8
DA:11,2
DA:13,1
LF:6
LH:6
end_of_record
SF:lib/core/widgets/app_cached_network_image.dart
DA:10,6
DA:24,5
DA:39,6
DA:41,6
DA:42,6
DA:44,12
DA:45,6
DA:46,6
DA:47,5
DA:48,5
DA:49,5
DA:53,6
DA:54,6
DA:55,6
DA:56,6
DA:57,6
DA:58,6
DA:59,6
DA:60,6
DA:61,0
DA:62,0
DA:63,0
DA:64,0
LF:23
LH:19
end_of_record
SF:lib/core/widgets/app_loader.dart
DA:4,38
DA:6,4
DA:8,4
DA:9,4
DA:11,12
DA:12,12
LF:6
LH:6
end_of_record
SF:lib/core/widgets/shimmer.dart
DA:5,19
DA:11,8
DA:18,8
DA:19,8
DA:25,8
DA:27,16
DA:30,16
DA:31,16
DA:33,16
DA:34,8
DA:37,8
DA:39,16
DA:40,8
DA:43,8
DA:45,8
DA:46,8
DA:47,8
DA:48,16
DA:49,16
DA:50,8
DA:52,8
LF:21
LH:21
end_of_record
SF:lib/core/widgets/error_view.dart
DA:4,58
DA:6,6
LF:2
LH:2
end_of_record
SF:lib/features/people/views/pages/person_images_slider_page.dart
DA:10,2
DA:14,2
DA:19,2
DA:20,2
DA:28,2
DA:30,8
DA:31,2
DA:34,2
DA:36,2
DA:37,2
DA:38,2
DA:39,2
DA:40,2
DA:41,2
DA:42,2
DA:43,6
DA:44,1
DA:45,2
DA:47,2
DA:48,2
DA:49,2
DA:50,2
DA:51,2
DA:52,6
DA:53,8
DA:54,1
DA:55,1
DA:56,1
DA:57,1
DA:58,4
DA:65,2
DA:68,2
DA:73,2
DA:76,2
DA:78,0
DA:79,0
DA:81,0
DA:82,0
DA:83,0
DA:84,0
DA:86,0
DA:87,0
DA:96,2
DA:99,2
DA:102,1
DA:103,2
DA:110,2
DA:113,2
DA:116,1
DA:117,2
LF:50
LH:42
end_of_record
SF:lib/features/people/views/widgets/slider_action.dart
DA:5,2
DA:10,2
DA:16,2
DA:18,2
DA:19,2
DA:20,2
DA:21,2
DA:22,2
DA:23,2
DA:24,2
DA:26,2
LF:11
LH:11
end_of_record
SF:lib/features/people/providers/current_popular_person_provider.dart
DA:4,10
DA:5,1
LF:2
LH:2
end_of_record
SF:lib/features/people/views/pages/popular_people_page.dart
DA:5,2
DA:7,2
DA:8,2
DA:14,2
DA:16,2
DA:17,2
DA:18,2
DA:20,3
DA:21,3
DA:28,4
LF:10
LH:10
end_of_record
SF:lib/core/widgets/grid_shimmer.dart
DA:5,1
DA:9,1
DA:14,1
DA:17,8
DA:19,1
DA:20,3
DA:21,1
DA:27,1
DA:29,2
DA:31,1
DA:32,1
LF:11
LH:11
end_of_record
SF:lib/core/widgets/list_item_shimmer.dart
DA:5,22
DA:7,2
DA:9,2
DA:11,2
DA:12,2
DA:18,2
DA:20,2
DA:22,2
DA:25,2
DA:27,8
LF:10
LH:10
end_of_record
SF:lib/features/people/views/pages/person_details_page.dart
DA:19,2
DA:26,2
DA:34,2
DA:37,8
DA:39,2
DA:40,2
DA:41,2
DA:42,2
DA:43,2
DA:44,2
DA:45,2
DA:47,2
DA:48,4
DA:49,4
DA:50,2
DA:51,1
DA:52,1
DA:53,1
DA:54,1
DA:55,2
DA:56,2
DA:57,2
DA:58,5
DA:62,2
DA:63,2
DA:64,4
DA:67,1
LF:27
LH:27
end_of_record
SF:lib/features/people/views/widgets/person_bio.dart
DA:5,1
DA:8,1
DA:12,1
DA:14,1
DA:16,1
DA:20,1
DA:22,2
DA:29,1
DA:31,1
DA:32,1
DA:34,3
DA:37,1
DA:38,1
DA:39,1
DA:40,1
DA:41,1
DA:42,1
LF:17
LH:17
end_of_record
SF:lib/features/people/views/widgets/person_details_sliver_app_bar.dart
DA:7,2
DA:12,2
DA:18,2
DA:20,2
DA:21,8
DA:27,2
DA:29,2
DA:30,4
DA:31,2
DA:35,2
DA:36,2
DA:37,2
LF:12
LH:12
end_of_record
SF:lib/features/people/views/widgets/person_images.dart
DA:13,2
DA:16,2
DA:20,2
DA:22,2
DA:23,2
DA:24,2
DA:29,6
DA:31,2
DA:36,2
DA:38,2
DA:43,2
DA:50,10
DA:51,1
DA:52,1
DA:54,1
DA:55,1
DA:58,1
DA:60,3
DA:64,1
DA:68,2
DA:69,2
DA:70,4
DA:73,1
DA:74,1
DA:77,1
DA:78,3
LF:26
LH:26
end_of_record
SF:lib/features/people/views/widgets/person_info.dart
DA:7,1
DA:10,1
DA:14,1
DA:16,1
DA:18,1
DA:22,1
DA:28,2
DA:29,1
DA:30,1
DA:31,2
DA:32,1
DA:33,1
DA:35,1
DA:36,1
DA:38,4
DA:40,1
DA:44,1
DA:45,2
DA:46,3
DA:51,2
DA:52,1
DA:53,1
DA:55,1
DA:56,1
DA:58,4
DA:60,1
DA:64,1
DA:65,4
DA:66,3
LF:29
LH:29
end_of_record
SF:lib/features/people/views/widgets/person_media.dart
DA:7,2
DA:10,2
DA:14,2
DA:16,2
DA:17,2
DA:18,2
DA:23,2
DA:25,2
DA:30,2
DA:33,2
DA:36,2
DA:37,2
DA:39,2
DA:41,6
DA:45,2
DA:47,2
DA:52,4
DA:53,1
DA:54,1
DA:56,1
DA:57,4
DA:58,1
DA:59,1
DA:60,3
DA:61,1
DA:62,1
DA:63,3
LF:27
LH:27
end_of_record
SF:lib/features/people/views/widgets/person_name.dart
DA:5,2
DA:8,2
DA:12,2
DA:14,2
DA:21,2
DA:22,2
DA:23,8
DA:24,6
LF:8
LH:8
end_of_record
SF:lib/features/people/views/widgets/popular_people_list.dart
DA:14,3
DA:17,2
DA:21,3
DA:23,6
DA:25,3
DA:26,1
DA:27,1
DA:28,1
DA:29,1
DA:31,1
DA:33,4
DA:34,1
DA:36,1
DA:37,1
DA:38,1
DA:39,1
DA:46,2
DA:47,2
DA:48,4
LF:19
LH:19
end_of_record
SF:lib/features/people/views/widgets/person_avatar.dart
DA:6,2
DA:10,1
DA:15,2
DA:17,2
DA:18,2
DA:19,2
DA:20,2
DA:21,6
DA:25,1
DA:26,1
LF:10
LH:10
end_of_record
SF:lib/features/people/views/widgets/person_cover.dart
DA:6,3
DA:11,2
DA:17,3
DA:19,3
DA:20,3
DA:21,3
DA:22,3
DA:23,9
DA:26,1
DA:27,1
LF:10
LH:10
end_of_record
SF:lib/features/people/views/widgets/person_images_grid.dart
DA:7,2
DA:10,2
DA:14,2
DA:16,2
DA:17,10
DA:18,12
DA:19,2
DA:21,4
DA:28,4
DA:29,2
DA:30,2
DA:31,4
DA:32,1
DA:33,2
DA:34,1
DA:35,2
DA:36,1
LF:17
LH:17
end_of_record
SF:lib/features/people/views/widgets/person_images_grid_item.dart
DA:6,3
DA:10,3
DA:15,3
DA:17,3
DA:18,3
DA:19,6
DA:20,3
DA:21,1
DA:22,2
LF:9
LH:9
end_of_record
SF:lib/features/people/views/widgets/popular_person_list_item.dart
DA:13,12
DA:15,2
DA:18,4
DA:20,2
DA:21,2
DA:22,1
DA:23,1
DA:24,1
DA:26,1
DA:27,2
DA:28,1
DA:29,2
DA:30,1
DA:31,1
DA:32,1
DA:33,1
DA:34,1
DA:39,1
DA:44,1
DA:45,1
DA:47,1
DA:49,1
DA:50,2
DA:51,1
DA:52,1
DA:53,1
DA:58,1
DA:60,1
DA:62,1
DA:63,1
DA:64,1
DA:65,3
DA:75,2
DA:76,2
DA:77,4
DA:78,2
DA:79,3
DA:83,1
LF:38
LH:38
end_of_record
SF:lib/movies_app.dart
DA:13,1
DA:15,1
DA:17,2
DA:19,1
DA:23,1
DA:24,1
DA:25,1
DA:26,1
DA:29,1
DA:30,1
DA:31,2
DA:34,1
LF:12
LH:12
end_of_record
